[01m[K/home/bev/bev_ws/src/data_pkg/src/data_collection.cpp:13:32:[m[K [01;31m[Kerror: [m[Kmacro "RCLCPP_INFO_STREAM" requires 2 arguments, but only 1 given
   13 |   RCLCPP_INFO_STREAM("Callback"[01;31m[K)[m[K;
      |                                [01;31m[K^[m[K
In file included from [01m[K/opt/ros/foxy/include/rclcpp/service.hpp:34[m[K,
                 from [01m[K/opt/ros/foxy/include/rclcpp/callback_group.hpp:25[m[K,
                 from [01m[K/opt/ros/foxy/include/rclcpp/any_executable.hpp:20[m[K,
                 from [01m[K/opt/ros/foxy/include/rclcpp/memory_strategy.hpp:24[m[K,
                 from [01m[K/opt/ros/foxy/include/rclcpp/memory_strategies.hpp:18[m[K,
                 from [01m[K/opt/ros/foxy/include/rclcpp/executor_options.hpp:20[m[K,
                 from [01m[K/opt/ros/foxy/include/rclcpp/executor.hpp:33[m[K,
                 from [01m[K/opt/ros/foxy/include/rclcpp/executors/multi_threaded_executor.hpp:26[m[K,
                 from [01m[K/opt/ros/foxy/include/rclcpp/executors.hpp:21[m[K,
                 from [01m[K/opt/ros/foxy/include/rclcpp/rclcpp.hpp:146[m[K,
                 from [01m[K/home/bev/bev_ws/src/data_pkg/include/data_collection.hpp:8[m[K,
                 from [01m[K/home/bev/bev_ws/src/data_pkg/src/data_collection.cpp:1[m[K:
[01m[K/opt/ros/foxy/include/rclcpp/logging.hpp:736:[m[K [01;36m[Knote: [m[Kmacro "RCLCPP_INFO_STREAM" defined here
  736 | #define RCLCPP_INFO_STREAM(logger, stream_arg) \
      | 
[01m[K/home/bev/bev_ws/src/data_pkg/src/data_collection.cpp:[m[K In member function â€˜[01m[Kvoid Data::bevCallback(custom_msgs::msg::OutputArray_<std::allocator<void> >::SharedPtr)[m[Kâ€™:
[01m[K/home/bev/bev_ws/src/data_pkg/src/data_collection.cpp:13:3:[m[K [01;31m[Kerror: [m[Kâ€˜[01m[KRCLCPP_INFO_STREAM[m[Kâ€™ was not declared in this scope
   13 |   [01;31m[KRCLCPP_INFO_STREAM[m[K("Callback");
      |   [01;31m[K^~~~~~~~~~~~~~~~~~[m[K
make[2]: *** [CMakeFiles/data_collection.dir/build.make:63: CMakeFiles/data_collection.dir/src/data_collection.cpp.o] Error 1
make[1]: *** [CMakeFiles/Makefile2:78: CMakeFiles/data_collection.dir/all] Error 2
make: *** [Makefile:141: all] Error 2
